<testsuites>
  <testsuite name="SampleProject.MSTest.dll" tests="7" skipped="1" failures="4" errors="0" time="0.2412793" timestamp="2021-05-03T04:26:13" hostname="DESKTOP-1B2SI9I" id="0" package="SampleProject.MSTest.dll">
    <properties />
    <testcase classname="SampleProject.MSTest.TestServiceTests" name="TestTheory" time="0.1385729">
      <failure type="failure"></failure>
    </testcase>
    <testcase classname="SampleProject.MSTest.TestServiceTests" name="TestTheory" time="0.0078690" />
    <testcase classname="SampleProject.MSTest.TestServiceTests" name="TestTheory" time="0.0894058">
      <failure type="failure" message="Assert.AreEqual failed. Expected:&lt;False&gt;. Actual:&lt;True&gt;. ">at SampleProject.MSTest.TestServiceTests.TestTheory(Boolean expected) in C:\Dev\LiquidTestReports\test\SampleProject\SampleProject.Tests.MSTest\TestServiceTests.cs:line 35</failure>
    </testcase>
    <testcase classname="SampleProject.MSTest.TestServiceTests" name="PassingTest" time="0.0001991" />
    <testcase classname="SampleProject.MSTest.TestServiceTests" name="TestThrowingException" time="0.0045317">
      <failure type="failure" message="Test method SampleProject.MSTest.TestServiceTests.TestThrowingException threw exception: &#xD;&#xA;System.Exception: Pretty good exception">at SampleProject.TestService.GetException() in C:\Dev\LiquidTestReports\test\SampleProject\SampleProject\TestService.cs:line 19
   at SampleProject.MSTest.TestServiceTests.TestThrowingException() in C:\Dev\LiquidTestReports\test\SampleProject\SampleProject.Tests.MSTest\TestServiceTests.cs:line 60</failure>
    </testcase>
    <testcase classname="SampleProject.MSTest.TestServiceTests" name="FailTest" time="0.0007008">
      <failure type="failure" message="Assert.IsTrue failed. ">at SampleProject.MSTest.TestServiceTests.FailTest() in C:\Dev\LiquidTestReports\test\SampleProject\SampleProject.Tests.MSTest\TestServiceTests.cs:line 71</failure>
    </testcase>
    <testcase classname="SampleProject.MSTest.TestServiceTests" name="SkipTest" time="0.0000001">
      <skipped />
    </testcase>
    <system-out>

TestContext Messages:
Running SampleProject.Tests.MSTest tests



TestContext Messages:
Running SampleProject.Tests.MSTest tests



TestContext Messages:
Running SampleProject.Tests.MSTest tests



TestContext Messages:
Running SampleProject.Tests.MSTest tests



TestContext Messages:
Running SampleProject.Tests.MSTest tests
This test will fail

</system-out>
    <system-err></system-err>
  </testsuite>
</testsuites>