<testsuites>
  <testsuite name="SampleProject.xUnit.dll" tests="7" skipped="1" failures="3" errors="0" time="0.0151825" timestamp="2024-11-14T07:12:59" hostname="DESKTOP" id="0" package="SampleProject.xUnit.dll">
    <properties />
    <testcase classname="SampleProject.xUnit.TestServiceTests" name="SkipTest" time="0.0010000">
      <skipped />
    </testcase>
    <testcase classname="SampleProject.NUnit.Attachment" name="AttachImage" time="0.0035842" />
    <testcase classname="SampleProject.xUnit.TestServiceTests" name="TestThrowingException" time="0.0036789">
      <failure type="failure" message="System.Exception : Pretty good exception">at SampleProject.TestService.GetException() in C:\Dev\LiquidTestReports\test\SampleProject\SampleProject\TestService.cs:line 19
   at SampleProject.xUnit.TestServiceTests.TestThrowingException() in C:\Dev\LiquidTestReports\test\SampleProject\SampleProject.Tests.xUnit\TestServiceTests.cs:line 54
   at System.RuntimeMethodHandle.InvokeMethod(Object target, Void** arguments, Signature sig, Boolean isConstructor)
   at System.Reflection.MethodBaseInvoker.InvokeWithNoArgs(Object obj, BindingFlags invokeAttr)</failure>
    </testcase>
    <testcase classname="SampleProject.xUnit.TestServiceTests" name="TestTheory(expected: True)" time="0.0035462" />
    <testcase classname="SampleProject.xUnit.TestServiceTests" name="TestTheory(expected: False)" time="0.0026083">
      <failure type="failure" message="Assert.Equal() Failure: Values differ&#xD;&#xA;Expected: False&#xD;&#xA;Actual:   True">at SampleProject.xUnit.TestServiceTests.TestTheory(Boolean expected) in C:\Dev\LiquidTestReports\test\SampleProject\SampleProject.Tests.xUnit\TestServiceTests.cs:line 29
   at InvokeStub_TestServiceTests.TestTheory(Object, Span`1)
   at System.Reflection.MethodBaseInvoker.InvokeWithOneArg(Object obj, BindingFlags invokeAttr, Binder binder, Object[] parameters, CultureInfo culture)</failure>
    </testcase>
    <testcase classname="SampleProject.xUnit.TestServiceTests" name="PassingTest" time="0.0003163" />
    <testcase classname="SampleProject.xUnit.TestServiceTests" name="FailTest" time="0.0004486">
      <failure type="failure" message="Assert.True() Failure&#xD;&#xA;Expected: True&#xD;&#xA;Actual:   False">at SampleProject.xUnit.TestServiceTests.FailTest() in C:\Dev\LiquidTestReports\test\SampleProject\SampleProject.Tests.xUnit\TestServiceTests.cs:line 65
   at System.RuntimeMethodHandle.InvokeMethod(Object target, Void** arguments, Signature sig, Boolean isConstructor)
   at System.Reflection.MethodBaseInvoker.InvokeWithNoArgs(Object obj, BindingFlags invokeAttr)</failure>
    </testcase>
    <system-out>Not actually an attachment, just a placeholder to make the results the same.

Running SampleProject.Tests.xUnit tests

Running SampleProject.Tests.xUnit tests

Running SampleProject.Tests.xUnit tests

Running SampleProject.Tests.xUnit tests

Running SampleProject.Tests.xUnit tests
This test will fail


Test Framework Informational Messages:
[xUnit.net 00:00:00.00] xUnit.net VSTest Adapter v2.8.2+699d445a1a (64-bit .NET 9.0.0)
[xUnit.net 00:00:00.07]   Discovering: SampleProject.xUnit
[xUnit.net 00:00:00.12]   Discovered:  SampleProject.xUnit
[xUnit.net 00:00:00.12]   Starting:    SampleProject.xUnit
[xUnit.net 00:00:00.15]       Skipped
[xUnit.net 00:00:00.17]       System.Exception : Pretty good exception
[xUnit.net 00:00:00.17]       Stack Trace:
[xUnit.net 00:00:00.17]         C:\Dev\LiquidTestReports\test\SampleProject\SampleProject\TestService.cs(19,0): at SampleProject.TestService.GetException()
[xUnit.net 00:00:00.17]         C:\Dev\LiquidTestReports\test\SampleProject\SampleProject.Tests.xUnit\TestServiceTests.cs(54,0): at SampleProject.xUnit.TestServiceTests.TestThrowingException()
[xUnit.net 00:00:00.17]            at System.RuntimeMethodHandle.InvokeMethod(Object target, Void** arguments, Signature sig, Boolean isConstructor)
[xUnit.net 00:00:00.17]            at System.Reflection.MethodBaseInvoker.InvokeWithNoArgs(Object obj, BindingFlags invokeAttr)
[xUnit.net 00:00:00.17]       Output:
[xUnit.net 00:00:00.17]         Running SampleProject.Tests.xUnit tests
[xUnit.net 00:00:00.18]       Assert.Equal() Failure: Values differ
[xUnit.net 00:00:00.18]       Expected: False
[xUnit.net 00:00:00.18]       Actual:   True
[xUnit.net 00:00:00.18]       Stack Trace:
[xUnit.net 00:00:00.18]         C:\Dev\LiquidTestReports\test\SampleProject\SampleProject.Tests.xUnit\TestServiceTests.cs(29,0): at SampleProject.xUnit.TestServiceTests.TestTheory(Boolean expected)
[xUnit.net 00:00:00.18]            at InvokeStub_TestServiceTests.TestTheory(Object, Span`1)
[xUnit.net 00:00:00.18]            at System.Reflection.MethodBaseInvoker.InvokeWithOneArg(Object obj, BindingFlags invokeAttr, Binder binder, Object[] parameters, CultureInfo culture)
[xUnit.net 00:00:00.18]       Output:
[xUnit.net 00:00:00.18]         Running SampleProject.Tests.xUnit tests
[xUnit.net 00:00:00.18]       Assert.True() Failure
[xUnit.net 00:00:00.18]       Expected: True
[xUnit.net 00:00:00.18]       Actual:   False
[xUnit.net 00:00:00.18]       Stack Trace:
[xUnit.net 00:00:00.18]         C:\Dev\LiquidTestReports\test\SampleProject\SampleProject.Tests.xUnit\TestServiceTests.cs(65,0): at SampleProject.xUnit.TestServiceTests.FailTest()
[xUnit.net 00:00:00.18]            at System.RuntimeMethodHandle.InvokeMethod(Object target, Void** arguments, Signature sig, Boolean isConstructor)
[xUnit.net 00:00:00.18]            at System.Reflection.MethodBaseInvoker.InvokeWithNoArgs(Object obj, BindingFlags invokeAttr)
[xUnit.net 00:00:00.18]       Output:
[xUnit.net 00:00:00.18]         Running SampleProject.Tests.xUnit tests
[xUnit.net 00:00:00.18]         This test will fail
[xUnit.net 00:00:00.18]   Finished:    SampleProject.xUnit
</system-out>
    <system-err>Warning - [xUnit.net 00:00:00.15]     SampleProject.xUnit.TestServiceTests.SkipTest [SKIP]
Error - [xUnit.net 00:00:00.17]     SampleProject.xUnit.TestServiceTests.TestThrowingException [FAIL]
Error - [xUnit.net 00:00:00.18]     SampleProject.xUnit.TestServiceTests.TestTheory(expected: False) [FAIL]
Error - [xUnit.net 00:00:00.18]     SampleProject.xUnit.TestServiceTests.FailTest [FAIL]
</system-err>
  </testsuite>
</testsuites>